<?xml version="1.0" encoding="UTF-8"?>
<testsuite xmlns:xsi="http://www.w3.org/2001/XMLSchema-instance" xsi:noNamespaceSchemaLocation="https://maven.apache.org/surefire/maven-surefire-plugin/xsd/surefire-test-report.xsd" name="com.pykj.spring.boot.xmg.web.AppTest" time="5.215" tests="1" errors="0" skipped="0" failures="0">
  <properties>
    <property name="sun.desktop" value="windows"/>
    <property name="awt.toolkit" value="sun.awt.windows.WToolkit"/>
    <property name="file.encoding.pkg" value="sun.io"/>
    <property name="java.specification.version" value="1.8"/>
    <property name="sun.cpu.isalist" value="amd64"/>
    <property name="sun.jnu.encoding" value="GBK"/>
    <property name="java.class.path" value="F:\workspace\workspace-xiaoxiang\example-parent\spring-boot-xiaomage\first-spring-boot-app\web\target\test-classes;F:\workspace\workspace-xiaoxiang\example-parent\spring-boot-xiaomage\first-spring-boot-app\web\target\classes;F:\workspace\workspace-xiaoxiang\example-parent\spring-boot-xiaomage\first-spring-boot-app\persistence\target\persistence-1.0-SNAPSHOT.jar;F:\workspace\workspace-xiaoxiang\example-parent\spring-boot-xiaomage\first-spring-boot-app\model\target\model-1.0-SNAPSHOT.jar;F:\wrap\org\springframework\boot\spring-boot-starter-test\2.2.6.RELEASE\spring-boot-starter-test-2.2.6.RELEASE.jar;F:\wrap\org\springframework\boot\spring-boot-starter\2.2.6.RELEASE\spring-boot-starter-2.2.6.RELEASE.jar;F:\wrap\org\springframework\boot\spring-boot\2.2.6.RELEASE\spring-boot-2.2.6.RELEASE.jar;F:\wrap\org\springframework\spring-context\5.2.5.RELEASE\spring-context-5.2.5.RELEASE.jar;F:\wrap\org\springframework\spring-aop\5.2.5.RELEASE\spring-aop-5.2.5.RELEASE.jar;F:\wrap\org\springframework\spring-expression\5.2.5.RELEASE\spring-expression-5.2.5.RELEASE.jar;F:\wrap\org\springframework\boot\spring-boot-autoconfigure\2.2.6.RELEASE\spring-boot-autoconfigure-2.2.6.RELEASE.jar;F:\wrap\org\springframework\boot\spring-boot-starter-logging\2.2.6.RELEASE\spring-boot-starter-logging-2.2.6.RELEASE.jar;F:\wrap\ch\qos\logback\logback-classic\1.2.3\logback-classic-1.2.3.jar;F:\wrap\ch\qos\logback\logback-core\1.2.3\logback-core-1.2.3.jar;F:\wrap\org\apache\logging\log4j\log4j-to-slf4j\2.12.1\log4j-to-slf4j-2.12.1.jar;F:\wrap\org\apache\logging\log4j\log4j-api\2.12.1\log4j-api-2.12.1.jar;F:\wrap\org\slf4j\jul-to-slf4j\1.7.30\jul-to-slf4j-1.7.30.jar;F:\wrap\jakarta\annotation\jakarta.annotation-api\1.3.5\jakarta.annotation-api-1.3.5.jar;F:\wrap\org\yaml\snakeyaml\1.25\snakeyaml-1.25.jar;F:\wrap\org\springframework\boot\spring-boot-test\2.2.6.RELEASE\spring-boot-test-2.2.6.RELEASE.jar;F:\wrap\org\springframework\boot\spring-boot-test-autoconfigure\2.2.6.RELEASE\spring-boot-test-autoconfigure-2.2.6.RELEASE.jar;F:\wrap\com\jayway\jsonpath\json-path\2.4.0\json-path-2.4.0.jar;F:\wrap\net\minidev\json-smart\2.3\json-smart-2.3.jar;F:\wrap\net\minidev\accessors-smart\1.2\accessors-smart-1.2.jar;F:\wrap\org\ow2\asm\asm\5.0.4\asm-5.0.4.jar;F:\wrap\org\slf4j\slf4j-api\1.7.30\slf4j-api-1.7.30.jar;F:\wrap\jakarta\xml\bind\jakarta.xml.bind-api\2.3.3\jakarta.xml.bind-api-2.3.3.jar;F:\wrap\jakarta\activation\jakarta.activation-api\1.2.2\jakarta.activation-api-1.2.2.jar;F:\wrap\org\junit\jupiter\junit-jupiter\5.5.2\junit-jupiter-5.5.2.jar;F:\wrap\org\junit\jupiter\junit-jupiter-api\5.5.2\junit-jupiter-api-5.5.2.jar;F:\wrap\org\opentest4j\opentest4j\1.2.0\opentest4j-1.2.0.jar;F:\wrap\org\junit\platform\junit-platform-commons\1.5.2\junit-platform-commons-1.5.2.jar;F:\wrap\org\junit\jupiter\junit-jupiter-params\5.5.2\junit-jupiter-params-5.5.2.jar;F:\wrap\org\junit\jupiter\junit-jupiter-engine\5.5.2\junit-jupiter-engine-5.5.2.jar;F:\wrap\org\junit\vintage\junit-vintage-engine\5.5.2\junit-vintage-engine-5.5.2.jar;F:\wrap\org\apiguardian\apiguardian-api\1.1.0\apiguardian-api-1.1.0.jar;F:\wrap\org\junit\platform\junit-platform-engine\1.5.2\junit-platform-engine-1.5.2.jar;F:\wrap\org\mockito\mockito-junit-jupiter\3.1.0\mockito-junit-jupiter-3.1.0.jar;F:\wrap\org\assertj\assertj-core\3.13.2\assertj-core-3.13.2.jar;F:\wrap\org\hamcrest\hamcrest\2.1\hamcrest-2.1.jar;F:\wrap\org\mockito\mockito-core\3.1.0\mockito-core-3.1.0.jar;F:\wrap\net\bytebuddy\byte-buddy\1.10.8\byte-buddy-1.10.8.jar;F:\wrap\net\bytebuddy\byte-buddy-agent\1.10.8\byte-buddy-agent-1.10.8.jar;F:\wrap\org\objenesis\objenesis\2.6\objenesis-2.6.jar;F:\wrap\org\skyscreamer\jsonassert\1.5.0\jsonassert-1.5.0.jar;F:\wrap\com\vaadin\external\google\android-json\0.0.20131108.vaadin1\android-json-0.0.20131108.vaadin1.jar;F:\wrap\org\springframework\spring-core\5.2.5.RELEASE\spring-core-5.2.5.RELEASE.jar;F:\wrap\org\springframework\spring-jcl\5.2.5.RELEASE\spring-jcl-5.2.5.RELEASE.jar;F:\wrap\org\springframework\spring-test\5.2.5.RELEASE\spring-test-5.2.5.RELEASE.jar;F:\wrap\org\xmlunit\xmlunit-core\2.6.4\xmlunit-core-2.6.4.jar;F:\wrap\junit\junit\4.12\junit-4.12.jar;F:\wrap\org\hamcrest\hamcrest-core\2.1\hamcrest-core-2.1.jar;F:\wrap\org\springframework\boot\spring-boot-starter-webflux\2.2.6.RELEASE\spring-boot-starter-webflux-2.2.6.RELEASE.jar;F:\wrap\org\springframework\boot\spring-boot-starter-json\2.2.6.RELEASE\spring-boot-starter-json-2.2.6.RELEASE.jar;F:\wrap\com\fasterxml\jackson\core\jackson-databind\2.10.3\jackson-databind-2.10.3.jar;F:\wrap\com\fasterxml\jackson\core\jackson-annotations\2.10.3\jackson-annotations-2.10.3.jar;F:\wrap\com\fasterxml\jackson\core\jackson-core\2.10.3\jackson-core-2.10.3.jar;F:\wrap\com\fasterxml\jackson\datatype\jackson-datatype-jdk8\2.10.3\jackson-datatype-jdk8-2.10.3.jar;F:\wrap\com\fasterxml\jackson\datatype\jackson-datatype-jsr310\2.10.3\jackson-datatype-jsr310-2.10.3.jar;F:\wrap\com\fasterxml\jackson\module\jackson-module-parameter-names\2.10.3\jackson-module-parameter-names-2.10.3.jar;F:\wrap\org\springframework\boot\spring-boot-starter-reactor-netty\2.2.6.RELEASE\spring-boot-starter-reactor-netty-2.2.6.RELEASE.jar;F:\wrap\io\projectreactor\netty\reactor-netty\0.9.6.RELEASE\reactor-netty-0.9.6.RELEASE.jar;F:\wrap\io\netty\netty-codec-http\4.1.48.Final\netty-codec-http-4.1.48.Final.jar;F:\wrap\io\netty\netty-common\4.1.48.Final\netty-common-4.1.48.Final.jar;F:\wrap\io\netty\netty-buffer\4.1.48.Final\netty-buffer-4.1.48.Final.jar;F:\wrap\io\netty\netty-transport\4.1.48.Final\netty-transport-4.1.48.Final.jar;F:\wrap\io\netty\netty-codec\4.1.48.Final\netty-codec-4.1.48.Final.jar;F:\wrap\io\netty\netty-codec-http2\4.1.48.Final\netty-codec-http2-4.1.48.Final.jar;F:\wrap\io\netty\netty-handler\4.1.48.Final\netty-handler-4.1.48.Final.jar;F:\wrap\io\netty\netty-resolver\4.1.48.Final\netty-resolver-4.1.48.Final.jar;F:\wrap\io\netty\netty-handler-proxy\4.1.48.Final\netty-handler-proxy-4.1.48.Final.jar;F:\wrap\io\netty\netty-codec-socks\4.1.48.Final\netty-codec-socks-4.1.48.Final.jar;F:\wrap\io\netty\netty-transport-native-epoll\4.1.48.Final\netty-transport-native-epoll-4.1.48.Final-linux-x86_64.jar;F:\wrap\io\netty\netty-transport-native-unix-common\4.1.48.Final\netty-transport-native-unix-common-4.1.48.Final.jar;F:\wrap\org\glassfish\jakarta.el\3.0.3\jakarta.el-3.0.3.jar;F:\wrap\org\springframework\boot\spring-boot-starter-validation\2.2.6.RELEASE\spring-boot-starter-validation-2.2.6.RELEASE.jar;F:\wrap\jakarta\validation\jakarta.validation-api\2.0.2\jakarta.validation-api-2.0.2.jar;F:\wrap\org\hibernate\validator\hibernate-validator\6.0.18.Final\hibernate-validator-6.0.18.Final.jar;F:\wrap\org\jboss\logging\jboss-logging\3.4.1.Final\jboss-logging-3.4.1.Final.jar;F:\wrap\com\fasterxml\classmate\1.5.1\classmate-1.5.1.jar;F:\wrap\org\springframework\spring-web\5.2.5.RELEASE\spring-web-5.2.5.RELEASE.jar;F:\wrap\org\springframework\spring-beans\5.2.5.RELEASE\spring-beans-5.2.5.RELEASE.jar;F:\wrap\org\springframework\spring-webflux\5.2.5.RELEASE\spring-webflux-5.2.5.RELEASE.jar;F:\wrap\io\projectreactor\reactor-core\3.3.4.RELEASE\reactor-core-3.3.4.RELEASE.jar;F:\wrap\org\reactivestreams\reactive-streams\1.0.3\reactive-streams-1.0.3.jar;F:\wrap\org\synchronoss\cloud\nio-multipart-parser\1.1.0\nio-multipart-parser-1.1.0.jar;F:\wrap\org\synchronoss\cloud\nio-stream-storage\1.1.3\nio-stream-storage-1.1.3.jar;"/>
    <property name="java.vm.vendor" value="Oracle Corporation"/>
    <property name="sun.arch.data.model" value="64"/>
    <property name="user.variant" value=""/>
    <property name="java.vendor.url" value="http://java.oracle.com/"/>
    <property name="user.timezone" value="Asia/Shanghai"/>
    <property name="java.vm.specification.version" value="1.8"/>
    <property name="os.name" value="Windows 10"/>
    <property name="user.country" value="CN"/>
    <property name="sun.java.launcher" value="SUN_STANDARD"/>
    <property name="sun.boot.library.path" value="C:\Program Files\Java\jdk1.8.0_111\jre\bin"/>
    <property name="sun.java.command" value="C:\Users\ADMINI~1\AppData\Local\Temp\surefire145159053398120819\surefirebooter3467244905550375839.jar C:\Users\Administrator\AppData\Local\Temp\surefire145159053398120819 2020-04-16T22-08-46_652-jvmRun1 surefire4735696895968270717tmp surefire_03323888835467382068tmp"/>
    <property name="surefire.test.class.path" value="F:\workspace\workspace-xiaoxiang\example-parent\spring-boot-xiaomage\first-spring-boot-app\web\target\test-classes;F:\workspace\workspace-xiaoxiang\example-parent\spring-boot-xiaomage\first-spring-boot-app\web\target\classes;F:\workspace\workspace-xiaoxiang\example-parent\spring-boot-xiaomage\first-spring-boot-app\persistence\target\persistence-1.0-SNAPSHOT.jar;F:\workspace\workspace-xiaoxiang\example-parent\spring-boot-xiaomage\first-spring-boot-app\model\target\model-1.0-SNAPSHOT.jar;F:\wrap\org\springframework\boot\spring-boot-starter-test\2.2.6.RELEASE\spring-boot-starter-test-2.2.6.RELEASE.jar;F:\wrap\org\springframework\boot\spring-boot-starter\2.2.6.RELEASE\spring-boot-starter-2.2.6.RELEASE.jar;F:\wrap\org\springframework\boot\spring-boot\2.2.6.RELEASE\spring-boot-2.2.6.RELEASE.jar;F:\wrap\org\springframework\spring-context\5.2.5.RELEASE\spring-context-5.2.5.RELEASE.jar;F:\wrap\org\springframework\spring-aop\5.2.5.RELEASE\spring-aop-5.2.5.RELEASE.jar;F:\wrap\org\springframework\spring-expression\5.2.5.RELEASE\spring-expression-5.2.5.RELEASE.jar;F:\wrap\org\springframework\boot\spring-boot-autoconfigure\2.2.6.RELEASE\spring-boot-autoconfigure-2.2.6.RELEASE.jar;F:\wrap\org\springframework\boot\spring-boot-starter-logging\2.2.6.RELEASE\spring-boot-starter-logging-2.2.6.RELEASE.jar;F:\wrap\ch\qos\logback\logback-classic\1.2.3\logback-classic-1.2.3.jar;F:\wrap\ch\qos\logback\logback-core\1.2.3\logback-core-1.2.3.jar;F:\wrap\org\apache\logging\log4j\log4j-to-slf4j\2.12.1\log4j-to-slf4j-2.12.1.jar;F:\wrap\org\apache\logging\log4j\log4j-api\2.12.1\log4j-api-2.12.1.jar;F:\wrap\org\slf4j\jul-to-slf4j\1.7.30\jul-to-slf4j-1.7.30.jar;F:\wrap\jakarta\annotation\jakarta.annotation-api\1.3.5\jakarta.annotation-api-1.3.5.jar;F:\wrap\org\yaml\snakeyaml\1.25\snakeyaml-1.25.jar;F:\wrap\org\springframework\boot\spring-boot-test\2.2.6.RELEASE\spring-boot-test-2.2.6.RELEASE.jar;F:\wrap\org\springframework\boot\spring-boot-test-autoconfigure\2.2.6.RELEASE\spring-boot-test-autoconfigure-2.2.6.RELEASE.jar;F:\wrap\com\jayway\jsonpath\json-path\2.4.0\json-path-2.4.0.jar;F:\wrap\net\minidev\json-smart\2.3\json-smart-2.3.jar;F:\wrap\net\minidev\accessors-smart\1.2\accessors-smart-1.2.jar;F:\wrap\org\ow2\asm\asm\5.0.4\asm-5.0.4.jar;F:\wrap\org\slf4j\slf4j-api\1.7.30\slf4j-api-1.7.30.jar;F:\wrap\jakarta\xml\bind\jakarta.xml.bind-api\2.3.3\jakarta.xml.bind-api-2.3.3.jar;F:\wrap\jakarta\activation\jakarta.activation-api\1.2.2\jakarta.activation-api-1.2.2.jar;F:\wrap\org\junit\jupiter\junit-jupiter\5.5.2\junit-jupiter-5.5.2.jar;F:\wrap\org\junit\jupiter\junit-jupiter-api\5.5.2\junit-jupiter-api-5.5.2.jar;F:\wrap\org\opentest4j\opentest4j\1.2.0\opentest4j-1.2.0.jar;F:\wrap\org\junit\platform\junit-platform-commons\1.5.2\junit-platform-commons-1.5.2.jar;F:\wrap\org\junit\jupiter\junit-jupiter-params\5.5.2\junit-jupiter-params-5.5.2.jar;F:\wrap\org\junit\jupiter\junit-jupiter-engine\5.5.2\junit-jupiter-engine-5.5.2.jar;F:\wrap\org\junit\vintage\junit-vintage-engine\5.5.2\junit-vintage-engine-5.5.2.jar;F:\wrap\org\apiguardian\apiguardian-api\1.1.0\apiguardian-api-1.1.0.jar;F:\wrap\org\junit\platform\junit-platform-engine\1.5.2\junit-platform-engine-1.5.2.jar;F:\wrap\org\mockito\mockito-junit-jupiter\3.1.0\mockito-junit-jupiter-3.1.0.jar;F:\wrap\org\assertj\assertj-core\3.13.2\assertj-core-3.13.2.jar;F:\wrap\org\hamcrest\hamcrest\2.1\hamcrest-2.1.jar;F:\wrap\org\mockito\mockito-core\3.1.0\mockito-core-3.1.0.jar;F:\wrap\net\bytebuddy\byte-buddy\1.10.8\byte-buddy-1.10.8.jar;F:\wrap\net\bytebuddy\byte-buddy-agent\1.10.8\byte-buddy-agent-1.10.8.jar;F:\wrap\org\objenesis\objenesis\2.6\objenesis-2.6.jar;F:\wrap\org\skyscreamer\jsonassert\1.5.0\jsonassert-1.5.0.jar;F:\wrap\com\vaadin\external\google\android-json\0.0.20131108.vaadin1\android-json-0.0.20131108.vaadin1.jar;F:\wrap\org\springframework\spring-core\5.2.5.RELEASE\spring-core-5.2.5.RELEASE.jar;F:\wrap\org\springframework\spring-jcl\5.2.5.RELEASE\spring-jcl-5.2.5.RELEASE.jar;F:\wrap\org\springframework\spring-test\5.2.5.RELEASE\spring-test-5.2.5.RELEASE.jar;F:\wrap\org\xmlunit\xmlunit-core\2.6.4\xmlunit-core-2.6.4.jar;F:\wrap\junit\junit\4.12\junit-4.12.jar;F:\wrap\org\hamcrest\hamcrest-core\2.1\hamcrest-core-2.1.jar;F:\wrap\org\springframework\boot\spring-boot-starter-webflux\2.2.6.RELEASE\spring-boot-starter-webflux-2.2.6.RELEASE.jar;F:\wrap\org\springframework\boot\spring-boot-starter-json\2.2.6.RELEASE\spring-boot-starter-json-2.2.6.RELEASE.jar;F:\wrap\com\fasterxml\jackson\core\jackson-databind\2.10.3\jackson-databind-2.10.3.jar;F:\wrap\com\fasterxml\jackson\core\jackson-annotations\2.10.3\jackson-annotations-2.10.3.jar;F:\wrap\com\fasterxml\jackson\core\jackson-core\2.10.3\jackson-core-2.10.3.jar;F:\wrap\com\fasterxml\jackson\datatype\jackson-datatype-jdk8\2.10.3\jackson-datatype-jdk8-2.10.3.jar;F:\wrap\com\fasterxml\jackson\datatype\jackson-datatype-jsr310\2.10.3\jackson-datatype-jsr310-2.10.3.jar;F:\wrap\com\fasterxml\jackson\module\jackson-module-parameter-names\2.10.3\jackson-module-parameter-names-2.10.3.jar;F:\wrap\org\springframework\boot\spring-boot-starter-reactor-netty\2.2.6.RELEASE\spring-boot-starter-reactor-netty-2.2.6.RELEASE.jar;F:\wrap\io\projectreactor\netty\reactor-netty\0.9.6.RELEASE\reactor-netty-0.9.6.RELEASE.jar;F:\wrap\io\netty\netty-codec-http\4.1.48.Final\netty-codec-http-4.1.48.Final.jar;F:\wrap\io\netty\netty-common\4.1.48.Final\netty-common-4.1.48.Final.jar;F:\wrap\io\netty\netty-buffer\4.1.48.Final\netty-buffer-4.1.48.Final.jar;F:\wrap\io\netty\netty-transport\4.1.48.Final\netty-transport-4.1.48.Final.jar;F:\wrap\io\netty\netty-codec\4.1.48.Final\netty-codec-4.1.48.Final.jar;F:\wrap\io\netty\netty-codec-http2\4.1.48.Final\netty-codec-http2-4.1.48.Final.jar;F:\wrap\io\netty\netty-handler\4.1.48.Final\netty-handler-4.1.48.Final.jar;F:\wrap\io\netty\netty-resolver\4.1.48.Final\netty-resolver-4.1.48.Final.jar;F:\wrap\io\netty\netty-handler-proxy\4.1.48.Final\netty-handler-proxy-4.1.48.Final.jar;F:\wrap\io\netty\netty-codec-socks\4.1.48.Final\netty-codec-socks-4.1.48.Final.jar;F:\wrap\io\netty\netty-transport-native-epoll\4.1.48.Final\netty-transport-native-epoll-4.1.48.Final-linux-x86_64.jar;F:\wrap\io\netty\netty-transport-native-unix-common\4.1.48.Final\netty-transport-native-unix-common-4.1.48.Final.jar;F:\wrap\org\glassfish\jakarta.el\3.0.3\jakarta.el-3.0.3.jar;F:\wrap\org\springframework\boot\spring-boot-starter-validation\2.2.6.RELEASE\spring-boot-starter-validation-2.2.6.RELEASE.jar;F:\wrap\jakarta\validation\jakarta.validation-api\2.0.2\jakarta.validation-api-2.0.2.jar;F:\wrap\org\hibernate\validator\hibernate-validator\6.0.18.Final\hibernate-validator-6.0.18.Final.jar;F:\wrap\org\jboss\logging\jboss-logging\3.4.1.Final\jboss-logging-3.4.1.Final.jar;F:\wrap\com\fasterxml\classmate\1.5.1\classmate-1.5.1.jar;F:\wrap\org\springframework\spring-web\5.2.5.RELEASE\spring-web-5.2.5.RELEASE.jar;F:\wrap\org\springframework\spring-beans\5.2.5.RELEASE\spring-beans-5.2.5.RELEASE.jar;F:\wrap\org\springframework\spring-webflux\5.2.5.RELEASE\spring-webflux-5.2.5.RELEASE.jar;F:\wrap\io\projectreactor\reactor-core\3.3.4.RELEASE\reactor-core-3.3.4.RELEASE.jar;F:\wrap\org\reactivestreams\reactive-streams\1.0.3\reactive-streams-1.0.3.jar;F:\wrap\org\synchronoss\cloud\nio-multipart-parser\1.1.0\nio-multipart-parser-1.1.0.jar;F:\wrap\org\synchronoss\cloud\nio-stream-storage\1.1.3\nio-stream-storage-1.1.3.jar;"/>
    <property name="sun.cpu.endian" value="little"/>
    <property name="user.home" value="C:\Users\Administrator"/>
    <property name="user.language" value="zh"/>
    <property name="java.specification.vendor" value="Oracle Corporation"/>
    <property name="java.home" value="C:\Program Files\Java\jdk1.8.0_111\jre"/>
    <property name="basedir" value="F:\workspace\workspace-xiaoxiang\example-parent\spring-boot-xiaomage\first-spring-boot-app\web"/>
    <property name="file.separator" value="\"/>
    <property name="line.separator" value="&#10;"/>
    <property name="java.vm.specification.vendor" value="Oracle Corporation"/>
    <property name="java.specification.name" value="Java Platform API Specification"/>
    <property name="java.awt.graphicsenv" value="sun.awt.Win32GraphicsEnvironment"/>
    <property name="surefire.real.class.path" value="C:\Users\ADMINI~1\AppData\Local\Temp\surefire145159053398120819\surefirebooter3467244905550375839.jar"/>
    <property name="sun.boot.class.path" value="C:\Program Files\Java\jdk1.8.0_111\jre\lib\resources.jar;C:\Program Files\Java\jdk1.8.0_111\jre\lib\rt.jar;C:\Program Files\Java\jdk1.8.0_111\jre\lib\sunrsasign.jar;C:\Program Files\Java\jdk1.8.0_111\jre\lib\jsse.jar;C:\Program Files\Java\jdk1.8.0_111\jre\lib\jce.jar;C:\Program Files\Java\jdk1.8.0_111\jre\lib\charsets.jar;C:\Program Files\Java\jdk1.8.0_111\jre\lib\jfr.jar;C:\Program Files\Java\jdk1.8.0_111\jre\classes"/>
    <property name="user.script" value=""/>
    <property name="sun.management.compiler" value="HotSpot 64-Bit Tiered Compilers"/>
    <property name="java.runtime.version" value="1.8.0_111-b14"/>
    <property name="user.name" value="Administrator"/>
    <property name="path.separator" value=";"/>
    <property name="os.version" value="10.0"/>
    <property name="java.endorsed.dirs" value="C:\Program Files\Java\jdk1.8.0_111\jre\lib\endorsed"/>
    <property name="java.runtime.name" value="Java(TM) SE Runtime Environment"/>
    <property name="file.encoding" value="GBK"/>
    <property name="java.vm.name" value="Java HotSpot(TM) 64-Bit Server VM"/>
    <property name="idea.version2020.1" value="true"/>
    <property name="localRepository" value="F:\wrap"/>
    <property name="java.vendor.url.bug" value="http://bugreport.sun.com/bugreport/"/>
    <property name="java.io.tmpdir" value="C:\Users\ADMINI~1\AppData\Local\Temp\"/>
    <property name="java.version" value="1.8.0_111"/>
    <property name="user.dir" value="F:\workspace\workspace-xiaoxiang\example-parent\spring-boot-xiaomage\first-spring-boot-app\web"/>
    <property name="os.arch" value="amd64"/>
    <property name="java.vm.specification.name" value="Java Virtual Machine Specification"/>
    <property name="java.awt.printerjob" value="sun.awt.windows.WPrinterJob"/>
    <property name="sun.os.patch.level" value=""/>
    <property name="java.library.path" value="C:\Program Files\Java\jdk1.8.0_111\jre\bin;C:\WINDOWS\Sun\Java\bin;C:\WINDOWS\system32;C:\WINDOWS;D:\install\Anaconda3-5.3.1-Windows-x86_64;D:\install\Anaconda3-5.3.1-Windows-x86_64\Library\mingw-w64\bin;D:\install\Anaconda3-5.3.1-Windows-x86_64\Library\usr\bin;D:\install\Anaconda3-5.3.1-Windows-x86_64\Library\bin;D:\install\Anaconda3-5.3.1-Windows-x86_64\Scripts;D:\install\Xftp-6.0.0101p\;D:\install\Xshell-6.0.0107p\;C:\ProgramData\Oracle\Java\javapath;C:\windows\system32;C:\windows;C:\windows\System32\Wbem;C:\windows\System32\WindowsPowerShell\v1.0\;C:\Program Files\Java\jdk1.8.0_111\bin;F:\plugin\apache-maven-3.6.3\bin;C:\Program Files (x86)\NVIDIA Corporation\PhysX\Common;C:\Program Files\Git\cmd;C:\WINDOWS\system32;C:\WINDOWS;C:\WINDOWS\System32\Wbem;C:\WINDOWS\System32\WindowsPowerShell\v1.0\;C:\WINDOWS\System32\OpenSSH\;C:\Program Files\MySQL\MySQL Server 8.0\bin;C:\Program Files\TortoiseSVN\bin;C:\Program Files\PowerShell\6\;C:\Program Files\EmEditor;C:\Program Files\NVIDIA Corporation\NVIDIA NvDLISR;D:\install\node-v10.16.3-x64\;C:\Program Files\TortoiseGit\bin;C:\Program Files (x86)\Windows Kits\8.1\Windows Performance Toolkit\;C:\Program Files\Microsoft VS Code\bin;F:\plugin\gradle-6.3\bin;D:\install\Python38\Scripts\;D:\install\Python38\;C:\Python38-32\Scripts\;C:\Python38-32\;C:\Program Files\MySQL\MySQL Shell 8.0\bin\;C:\Users\Administrator\AppData\Local\Microsoft\WindowsApps;C:\Users\Administrator\AppData\Local\BypassRuntm;C:\Users\Administrator\AppData\Roaming\npm;D:\install\VSCodeUserSetup-x64-1.43.2\Microsoft VS Code\bin;D:\install\pycharm-professional-2019.3.4\PyCharm 2019.3.4\bin;;D:\install\WebStorm-2019.3.4\WebStorm 2019.3.4\bin;;D:\install\Anaconda3-5.3.1-Windows-x86_64\Scripts;;."/>
    <property name="java.vm.info" value="mixed mode"/>
    <property name="java.vendor" value="Oracle Corporation"/>
    <property name="java.vm.version" value="25.111-b14"/>
    <property name="java.ext.dirs" value="C:\Program Files\Java\jdk1.8.0_111\jre\lib\ext;C:\WINDOWS\Sun\Java\lib\ext"/>
    <property name="sun.io.unicode.encoding" value="UnicodeLittle"/>
    <property name="maven.repo.local" value="F:\wrap"/>
    <property name="java.class.version" value="52.0"/>
  </properties>
  <testcase name="test" classname="com.pykj.spring.boot.xmg.web.AppTest" time="0.139"/>
</testsuite>